[debug] [2026-06-15T23:23:02.616Z] ----------------------------------------------------------------------
[debug] [2026-06-15T23:23:02.621Z] Command:       /usr/local/bin/node /Users/neilbarro/.npm-global/bin/firebase deploy --only functions
[debug] [2026-06-15T23:23:02.621Z] CLI Version:   15.20.0
[debug] [2026-06-15T23:23:02.621Z] Platform:      darwin
[debug] [2026-06-15T23:23:02.621Z] Node Version:  v24.16.0
[debug] [2026-06-15T23:23:02.621Z] Time:          Tue Jun 16 2026 07:23:02 GMT+0800 (Philippine Standard Time)
[debug] [2026-06-15T23:23:02.621Z] ----------------------------------------------------------------------
[debug] 
[debug] [2026-06-15T23:23:03.343Z] > command requires scopes: ["email","openid","https://www.googleapis.com/auth/cloudplatformprojects.readonly","https://www.googleapis.com/auth/firebase","https://www.googleapis.com/auth/cloud-platform"]
[debug] [2026-06-15T23:23:03.343Z] > authorizing via signed-in user (neilbarro870@gmail.com)
[debug] [2026-06-15T23:23:03.343Z] [iam] checking project barro-industries for permissions ["cloudfunctions.functions.create","cloudfunctions.functions.delete","cloudfunctions.functions.get","cloudfunctions.functions.list","cloudfunctions.functions.update","cloudfunctions.operations.get","firebase.projects.get"]
[debug] [2026-06-15T23:23:03.343Z] Checked if tokens are valid: true, expires at: 1781569278737
[debug] [2026-06-15T23:23:03.344Z] Checked if tokens are valid: true, expires at: 1781569278737
[debug] [2026-06-15T23:23:03.344Z] >>> [apiv2][query] POST https://cloudresourcemanager.googleapis.com/v1/projects/barro-industries:testIamPermissions [none]
[debug] [2026-06-15T23:23:03.344Z] >>> [apiv2][(partial)header] POST https://cloudresourcemanager.googleapis.com/v1/projects/barro-industries:testIamPermissions  x-goog-user-project=barro-industries
[debug] [2026-06-15T23:23:03.344Z] >>> [apiv2][body] POST https://cloudresourcemanager.googleapis.com/v1/projects/barro-industries:testIamPermissions {"permissions":["cloudfunctions.functions.create","cloudfunctions.functions.delete","cloudfunctions.functions.get","cloudfunctions.functions.list","cloudfunctions.functions.update","cloudfunctions.operations.get","firebase.projects.get"]}
[debug] [2026-06-15T23:23:04.287Z] <<< [apiv2][status] POST https://cloudresourcemanager.googleapis.com/v1/projects/barro-industries:testIamPermissions 200
[debug] [2026-06-15T23:23:04.287Z] <<< [apiv2][body] POST https://cloudresourcemanager.googleapis.com/v1/projects/barro-industries:testIamPermissions {"permissions":["cloudfunctions.functions.create","cloudfunctions.functions.delete","cloudfunctions.functions.get","cloudfunctions.functions.list","cloudfunctions.functions.update","cloudfunctions.operations.get","firebase.projects.get"]}
[debug] [2026-06-15T23:23:04.288Z] Checked if tokens are valid: true, expires at: 1781569278737
[debug] [2026-06-15T23:23:04.288Z] Checked if tokens are valid: true, expires at: 1781569278737
[debug] [2026-06-15T23:23:04.288Z] >>> [apiv2][query] POST https://iam.googleapis.com/v1/projects/barro-industries/serviceAccounts/barro-industries@appspot.gserviceaccount.com:testIamPermissions [none]
[debug] [2026-06-15T23:23:04.288Z] >>> [apiv2][body] POST https://iam.googleapis.com/v1/projects/barro-industries/serviceAccounts/barro-industries@appspot.gserviceaccount.com:testIamPermissions {"permissions":["iam.serviceAccounts.actAs"]}
[debug] [2026-06-15T23:23:05.416Z] <<< [apiv2][status] POST https://iam.googleapis.com/v1/projects/barro-industries/serviceAccounts/barro-industries@appspot.gserviceaccount.com:testIamPermissions 200
[debug] [2026-06-15T23:23:05.416Z] <<< [apiv2][body] POST https://iam.googleapis.com/v1/projects/barro-industries/serviceAccounts/barro-industries@appspot.gserviceaccount.com:testIamPermissions {"permissions":["iam.serviceAccounts.actAs"]}
[info] 
[info] === Deploying to 'barro-industries'...
[info] 
[info] i  deploying functions 
[debug] [2026-06-15T23:23:05.419Z] Checked if tokens are valid: true, expires at: 1781569278737
[debug] [2026-06-15T23:23:05.420Z] Checked if tokens are valid: true, expires at: 1781569278737
[debug] [2026-06-15T23:23:05.420Z] >>> [apiv2][query] GET https://cloudresourcemanager.googleapis.com/v1/projects/barro-industries [none]
[debug] [2026-06-15T23:23:05.687Z] <<< [apiv2][status] GET https://cloudresourcemanager.googleapis.com/v1/projects/barro-industries 200
[debug] [2026-06-15T23:23:05.687Z] <<< [apiv2][body] GET https://cloudresourcemanager.googleapis.com/v1/projects/barro-industries {"projectNumber":"700081895848","projectId":"barro-industries","lifecycleState":"ACTIVE","name":"Barro Industries","labels":{"firebase":"enabled","firebase-core":"disabled"},"createTime":"2026-06-11T04:33:50.826Z"}
[info] i  functions: preparing codebase default for deployment 
[info] i  functions: ensuring required API cloudfunctions.googleapis.com is enabled... 
[info] i  functions: ensuring required API cloudbuild.googleapis.com is enabled... 
[info] i  artifactregistry: ensuring required API artifactregistry.googleapis.com is enabled... 
[debug] [2026-06-15T23:23:05.691Z] Checked if tokens are valid: true, expires at: 1781569278737
[debug] [2026-06-15T23:23:05.692Z] Checked if tokens are valid: true, expires at: 1781569278737
[debug] [2026-06-15T23:23:05.692Z] >>> [apiv2][query] GET https://firebase.googleapis.com/v1beta1/projects/barro-industries/adminSdkConfig [none]
[debug] [2026-06-15T23:23:06.402Z] <<< [apiv2][status] GET https://firebase.googleapis.com/v1beta1/projects/barro-industries/adminSdkConfig 200
[debug] [2026-06-15T23:23:06.402Z] <<< [apiv2][body] GET https://firebase.googleapis.com/v1beta1/projects/barro-industries/adminSdkConfig {"projectId":"barro-industries","storageBucket":"barro-industries.firebasestorage.app"}
[debug] [2026-06-15T23:23:06.403Z] Checked if tokens are valid: true, expires at: 1781569278737
[debug] [2026-06-15T23:23:06.403Z] Checked if tokens are valid: true, expires at: 1781569278737
[debug] [2026-06-15T23:23:06.403Z] >>> [apiv2][query] GET https://runtimeconfig.googleapis.com/v1beta1/projects/barro-industries/configs [none]
[debug] [2026-06-15T23:23:06.782Z] <<< [apiv2][status] GET https://runtimeconfig.googleapis.com/v1beta1/projects/barro-industries/configs 200
[debug] [2026-06-15T23:23:06.782Z] <<< [apiv2][body] GET https://runtimeconfig.googleapis.com/v1beta1/projects/barro-industries/configs {}
[debug] [2026-06-15T23:23:06.784Z] Validating nodejs source
[warn] ⚠  functions: package.json indicates an outdated version of firebase-functions. Please upgrade using npm install --save firebase-functions@latest in your functions directory. 
[warn] ⚠  functions: Please note that there will be breaking changes when you upgrade. 
[debug] [2026-06-15T23:23:07.291Z] > [functions] package.json contents: {
  "name": "barro-industries-functions",
  "description": "Barro Industries Firebase Cloud Functions",
  "scripts": {
    "deploy": "firebase deploy --only functions"
  },
  "engines": {
    "node": "22"
  },
  "main": "index.js",
  "dependencies": {
    "firebase-admin": "^12.0.0",
    "firebase-functions": "^5.0.0"
  }
}
[debug] [2026-06-15T23:23:07.291Z] Building nodejs source
[info] i  functions: Loading and analyzing source code for codebase default to determine what to deploy 
[debug] [2026-06-15T23:23:07.292Z] Could not find functions.yaml. Must use http discovery
[debug] [2026-06-15T23:23:07.296Z] Found firebase-functions binary at '/Users/neilbarro/Library/CloudStorage/OneDrive-Personal/BARRO INDUSTRIES copy/Operation Systems Development/functions/node_modules/.bin/firebase-functions'
[info] Serving at port 8905

[debug] [2026-06-15T23:23:07.880Z] Got response from /__/functions.yaml {"endpoints":{"sendPushOnNotification":{"platform":"gcfv1","availableMemoryMb":null,"timeoutSeconds":null,"minInstances":null,"maxInstances":null,"ingressSettings":null,"serviceAccountEmail":null,"vpc":null,"eventTrigger":{"eventType":"providers/cloud.firestore/eventTypes/document.create","eventFilters":{"resource":"projects/barro-industries/databases/(default)/documents/notifications/{uid}/items/{itemId}"},"retry":false},"labels":{},"entryPoint":"sendPushOnNotification"}},"specVersion":"v1alpha1","requiredAPIs":[],"extensions":{}}
[debug] [2026-06-15T23:23:11.899Z] Checked if tokens are valid: true, expires at: 1781569278737
[debug] [2026-06-15T23:23:11.899Z] Checked if tokens are valid: true, expires at: 1781569278737
[debug] [2026-06-15T23:23:11.899Z] >>> [apiv2][query] GET https://cloudfunctions.googleapis.com/v1/projects/barro-industries/locations/-/functions [none]
[debug] [2026-06-15T23:23:12.833Z] <<< [apiv2][status] GET https://cloudfunctions.googleapis.com/v1/projects/barro-industries/locations/-/functions 200
[debug] [2026-06-15T23:23:12.833Z] <<< [apiv2][body] GET https://cloudfunctions.googleapis.com/v1/projects/barro-industries/locations/-/functions {}
[debug] [2026-06-15T23:23:12.833Z] Checked if tokens are valid: true, expires at: 1781569278737
[debug] [2026-06-15T23:23:12.833Z] Checked if tokens are valid: true, expires at: 1781569278737
[debug] [2026-06-15T23:23:12.833Z] >>> [apiv2][query] GET https://cloudfunctions.googleapis.com/v2/projects/barro-industries/locations/-/functions filter=environment%3D%22GEN_2%22
[debug] [2026-06-15T23:23:14.455Z] <<< [apiv2][status] GET https://cloudfunctions.googleapis.com/v2/projects/barro-industries/locations/-/functions 200
[debug] [2026-06-15T23:23:14.455Z] <<< [apiv2][body] GET https://cloudfunctions.googleapis.com/v2/projects/barro-industries/locations/-/functions {}
[info] i  extensions: ensuring required API firebaseextensions.googleapis.com is enabled... 
[debug] [2026-06-15T23:23:14.456Z] Checked if tokens are valid: true, expires at: 1781569278737
[debug] [2026-06-15T23:23:14.456Z] Checked if tokens are valid: true, expires at: 1781569278737
[debug] [2026-06-15T23:23:14.456Z] >>> [apiv2][query] GET https://serviceusage.googleapis.com/v1/projects/barro-industries/services/firebaseextensions.googleapis.com [none]
[debug] [2026-06-15T23:23:14.456Z] >>> [apiv2][(partial)header] GET https://serviceusage.googleapis.com/v1/projects/barro-industries/services/firebaseextensions.googleapis.com  x-goog-user-project=barro-industries
[debug] [2026-06-15T23:23:15.720Z] <<< [apiv2][status] GET https://serviceusage.googleapis.com/v1/projects/barro-industries/services/firebaseextensions.googleapis.com 200
[debug] [2026-06-15T23:23:15.720Z] <<< [apiv2][body] GET https://serviceusage.googleapis.com/v1/projects/barro-industries/services/firebaseextensions.googleapis.com [omitted]
[warn] ⚠  extensions: missing required API firebaseextensions.googleapis.com. Enabling now... 
[debug] [2026-06-15T23:23:15.721Z] Checked if tokens are valid: true, expires at: 1781569278737
[debug] [2026-06-15T23:23:15.721Z] Checked if tokens are valid: true, expires at: 1781569278737
[debug] [2026-06-15T23:23:15.721Z] >>> [apiv2][query] POST https://serviceusage.googleapis.com/v1/projects/barro-industries/services/firebaseextensions.googleapis.com:enable [none]
[debug] [2026-06-15T23:23:15.722Z] >>> [apiv2][(partial)header] POST https://serviceusage.googleapis.com/v1/projects/barro-industries/services/firebaseextensions.googleapis.com:enable  x-goog-user-project=barro-industries
[debug] [2026-06-15T23:23:16.249Z] <<< [apiv2][status] POST https://serviceusage.googleapis.com/v1/projects/barro-industries/services/firebaseextensions.googleapis.com:enable 200
[debug] [2026-06-15T23:23:16.249Z] <<< [apiv2][body] POST https://serviceusage.googleapis.com/v1/projects/barro-industries/services/firebaseextensions.googleapis.com:enable [omitted]
[debug] [2026-06-15T23:23:26.257Z] > command requires scopes: ["email","openid","https://www.googleapis.com/auth/cloudplatformprojects.readonly","https://www.googleapis.com/auth/firebase","https://www.googleapis.com/auth/cloud-platform"]
[debug] [2026-06-15T23:23:26.257Z] > authorizing via signed-in user (neilbarro870@gmail.com)
[debug] [2026-06-15T23:23:26.258Z] [iam] checking project barro-industries for permissions ["firebase.projects.get","firebaseextensions.instances.list"]
[debug] [2026-06-15T23:23:26.258Z] Checked if tokens are valid: true, expires at: 1781569278737
[debug] [2026-06-15T23:23:26.258Z] Checked if tokens are valid: true, expires at: 1781569278737
[debug] [2026-06-15T23:23:26.258Z] >>> [apiv2][query] POST https://cloudresourcemanager.googleapis.com/v1/projects/barro-industries:testIamPermissions [none]
[debug] [2026-06-15T23:23:26.258Z] >>> [apiv2][(partial)header] POST https://cloudresourcemanager.googleapis.com/v1/projects/barro-industries:testIamPermissions  x-goog-user-project=barro-industries
[debug] [2026-06-15T23:23:26.258Z] >>> [apiv2][body] POST https://cloudresourcemanager.googleapis.com/v1/projects/barro-industries:testIamPermissions {"permissions":["firebase.projects.get","firebaseextensions.instances.list"]}
[debug] [2026-06-15T23:23:27.158Z] <<< [apiv2][status] POST https://cloudresourcemanager.googleapis.com/v1/projects/barro-industries:testIamPermissions 200
[debug] [2026-06-15T23:23:27.158Z] <<< [apiv2][body] POST https://cloudresourcemanager.googleapis.com/v1/projects/barro-industries:testIamPermissions {"permissions":["firebase.projects.get","firebaseextensions.instances.list"]}
[debug] [2026-06-15T23:23:27.158Z] Checked if tokens are valid: true, expires at: 1781569278737
[debug] [2026-06-15T23:23:27.158Z] Checked if tokens are valid: true, expires at: 1781569278737
[debug] [2026-06-15T23:23:27.158Z] >>> [apiv2][query] GET https://firebaseextensions.googleapis.com/v1beta/projects/barro-industries/instances pageSize=100&pageToken=
[debug] [2026-06-15T23:23:31.338Z] <<< [apiv2][status] GET https://firebaseextensions.googleapis.com/v1beta/projects/barro-industries/instances 200
[debug] [2026-06-15T23:23:31.339Z] <<< [apiv2][body] GET https://firebaseextensions.googleapis.com/v1beta/projects/barro-industries/instances {}
[info] i  functions: preparing functions directory for uploading... 
[info] i  functions: packaged /Users/neilbarro/Library/CloudStorage/OneDrive-Personal/BARRO INDUSTRIES copy/Operation Systems Development/functions (30.42 KB) for uploading 
[debug] [2026-06-15T23:23:31.362Z] Checked if tokens are valid: true, expires at: 1781569278737
[debug] [2026-06-15T23:23:31.362Z] Checked if tokens are valid: true, expires at: 1781569278737
[debug] [2026-06-15T23:23:31.362Z] >>> [apiv2][query] GET https://firestore.googleapis.com/v1/projects/barro-industries/databases/(default) [none]
[debug] [2026-06-15T23:23:31.779Z] <<< [apiv2][status] GET https://firestore.googleapis.com/v1/projects/barro-industries/databases/(default) 200
[debug] [2026-06-15T23:23:31.779Z] <<< [apiv2][body] GET https://firestore.googleapis.com/v1/projects/barro-industries/databases/(default) {"name":"projects/barro-industries/databases/(default)","uid":"33a1b85b-37b4-4492-95bc-8e73f3babf90","createTime":"2026-06-11T04:36:35.268553Z","updateTime":"2026-06-11T04:36:35.268553Z","locationId":"asia-east1","type":"FIRESTORE_NATIVE","concurrencyMode":"PESSIMISTIC","versionRetentionPeriod":"3600s","earliestVersionTime":"2026-06-15T22:23:31.734294Z","appEngineIntegrationMode":"DISABLED","keyPrefix":"zde","pointInTimeRecoveryEnablement":"POINT_IN_TIME_RECOVERY_DISABLED","deleteProtectionState":"DELETE_PROTECTION_DISABLED","databaseEdition":"STANDARD","freeTier":true,"realtimeUpdatesMode":"REALTIME_UPDATES_MODE_ENABLED","etag":"II/p6OqxipUDMNqgiZiz/pQD"}
[warn] ⚠  functions: The following functions have triggers in different regions than they are located:
- sendPushOnNotification (us-central1, Trigger: asia-east1)
To avoid unnecessary cross-region network hops, consider assigning these functions to their trigger regions or collocating them. To suppress this warning, set FIREBASE_SUPPRESS_REGION_WARNING=true in your environment variables. 
[debug] [2026-06-15T23:23:31.782Z] Checked if tokens are valid: true, expires at: 1781569278737
[debug] [2026-06-15T23:23:31.782Z] Checked if tokens are valid: true, expires at: 1781569278737
[debug] [2026-06-15T23:23:31.782Z] >>> [apiv2][query] GET https://cloudresourcemanager.googleapis.com/v1/projects/barro-industries [none]
[debug] [2026-06-15T23:23:32.008Z] <<< [apiv2][status] GET https://cloudresourcemanager.googleapis.com/v1/projects/barro-industries 200
[debug] [2026-06-15T23:23:32.008Z] <<< [apiv2][body] GET https://cloudresourcemanager.googleapis.com/v1/projects/barro-industries {"projectNumber":"700081895848","projectId":"barro-industries","lifecycleState":"ACTIVE","name":"Barro Industries","labels":{"firebase":"enabled","firebase-core":"disabled"},"createTime":"2026-06-11T04:33:50.826Z"}
[debug] [2026-06-15T23:23:32.009Z] Checked if tokens are valid: true, expires at: 1781569278737
[debug] [2026-06-15T23:23:32.010Z] Checked if tokens are valid: true, expires at: 1781569278737
[debug] [2026-06-15T23:23:32.010Z] >>> [apiv2][query] GET https://cloudbilling.googleapis.com/v1/projects/barro-industries/billingInfo [none]
[debug] [2026-06-15T23:23:33.226Z] <<< [apiv2][status] GET https://cloudbilling.googleapis.com/v1/projects/barro-industries/billingInfo 200
[debug] [2026-06-15T23:23:33.226Z] <<< [apiv2][body] GET https://cloudbilling.googleapis.com/v1/projects/barro-industries/billingInfo {"name":"projects/barro-industries/billingInfo","projectId":"barro-industries","billingAccountName":"billingAccounts/017BE5-31722D-2CCB06","billingEnabled":true}
[debug] [2026-06-15T23:23:33.227Z] Checked if tokens are valid: true, expires at: 1781569278737
[debug] [2026-06-15T23:23:33.227Z] Checked if tokens are valid: true, expires at: 1781569278737
[debug] [2026-06-15T23:23:33.227Z] >>> [apiv2][query] POST https://cloudfunctions.googleapis.com/v1/projects/barro-industries/locations/us-central1/functions:generateUploadUrl [none]
[debug] [2026-06-15T23:23:33.227Z] >>> [apiv2][body] POST https://cloudfunctions.googleapis.com/v1/projects/barro-industries/locations/us-central1/functions:generateUploadUrl {}
[debug] [2026-06-15T23:23:43.954Z] <<< [apiv2][status] POST https://cloudfunctions.googleapis.com/v1/projects/barro-industries/locations/us-central1/functions:generateUploadUrl 200
[debug] [2026-06-15T23:23:43.954Z] <<< [apiv2][body] POST https://cloudfunctions.googleapis.com/v1/projects/barro-industries/locations/us-central1/functions:generateUploadUrl {"uploadUrl":"https://storage.googleapis.com/uploads-145234678984.us-central1.cloudfunctions.appspot.com/f0e7f775-25d2-4270-ac97-8091e3d474d4.zip?GoogleAccessId=service-700081895848@gcf-admin-robot.iam.gserviceaccount.com&Expires=1781567623&Signature=X5tDSyDkzkLYm%2B43zXu%2Fn9O%2BgAeSafvHt0xx6PkGDlIfIOyh43TwShoK7PqBTJ7qkYeFjDHR0zL3%2FwY3zP93FyY4A%2BdmTSNQrWiHEqY9RiOHihhn7S2vBcPcnSZS7uUAkafU1%2FSDSzJhDIigeqymt0QPTsVPDWxLPk2gZ%2FhiYouEuegFVUN%2FuIKpFgBwHJs74fD9ZzgVHve30dKzoOMQn1%2FlENoGq6K28jAuOTOb9MR38E5Kq%2BgP9gIBGIMRcfTP199zNrbzf7Mntf0BRanhH1fshCtmwtzJwd3NKXkNS6ea02Ad7APjLqZoDxg6kqX9ov1SQsbG9O1qa74M2iMwOg%3D%3D"}
[debug] [2026-06-15T23:23:43.955Z] >>> [apiv2][query] PUT https://storage.googleapis.com/uploads-145234678984.us-central1.cloudfunctions.appspot.com/f0e7f775-25d2-4270-ac97-8091e3d474d4.zip GoogleAccessId=service-700081895848%40gcf-admin-robot.iam.gserviceaccount.com&Expires=1781567623&Signature=X5tDSyDkzkLYm%2B43zXu%2Fn9O%2BgAeSafvHt0xx6PkGDlIfIOyh43TwShoK7PqBTJ7qkYeFjDHR0zL3%2FwY3zP93FyY4A%2BdmTSNQrWiHEqY9RiOHihhn7S2vBcPcnSZS7uUAkafU1%2FSDSzJhDIigeqymt0QPTsVPDWxLPk2gZ%2FhiYouEuegFVUN%2FuIKpFgBwHJs74fD9ZzgVHve30dKzoOMQn1%2FlENoGq6K28jAuOTOb9MR38E5Kq%2BgP9gIBGIMRcfTP199zNrbzf7Mntf0BRanhH1fshCtmwtzJwd3NKXkNS6ea02Ad7APjLqZoDxg6kqX9ov1SQsbG9O1qa74M2iMwOg%3D%3D
[debug] [2026-06-15T23:23:43.955Z] >>> [apiv2][body] PUT https://storage.googleapis.com/uploads-145234678984.us-central1.cloudfunctions.appspot.com/f0e7f775-25d2-4270-ac97-8091e3d474d4.zip [stream]
[debug] [2026-06-15T23:23:45.594Z] <<< [apiv2][status] PUT https://storage.googleapis.com/uploads-145234678984.us-central1.cloudfunctions.appspot.com/f0e7f775-25d2-4270-ac97-8091e3d474d4.zip 200
[debug] [2026-06-15T23:23:45.594Z] <<< [apiv2][body] PUT https://storage.googleapis.com/uploads-145234678984.us-central1.cloudfunctions.appspot.com/f0e7f775-25d2-4270-ac97-8091e3d474d4.zip [omitted]
[info] ✔  functions: functions source uploaded successfully 
[info] i  functions: creating Node.js 22 (1st Gen) function sendPushOnNotification(us-central1)... 
[debug] [2026-06-15T23:23:45.599Z] Checked if tokens are valid: true, expires at: 1781569278737
[debug] [2026-06-15T23:23:45.599Z] Checked if tokens are valid: true, expires at: 1781569278737
[debug] [2026-06-15T23:23:45.599Z] >>> [apiv2][query] POST https://cloudfunctions.googleapis.com/v1/projects/barro-industries/locations/us-central1/functions [none]
[debug] [2026-06-15T23:23:45.599Z] >>> [apiv2][body] POST https://cloudfunctions.googleapis.com/v1/projects/barro-industries/locations/us-central1/functions {"name":"projects/barro-industries/locations/us-central1/functions/sendPushOnNotification","sourceUploadUrl":"https://storage.googleapis.com/uploads-145234678984.us-central1.cloudfunctions.appspot.com/f0e7f775-25d2-4270-ac97-8091e3d474d4.zip?GoogleAccessId=service-700081895848@gcf-admin-robot.iam.gserviceaccount.com&Expires=1781567623&Signature=X5tDSyDkzkLYm%2B43zXu%2Fn9O%2BgAeSafvHt0xx6PkGDlIfIOyh43TwShoK7PqBTJ7qkYeFjDHR0zL3%2FwY3zP93FyY4A%2BdmTSNQrWiHEqY9RiOHihhn7S2vBcPcnSZS7uUAkafU1%2FSDSzJhDIigeqymt0QPTsVPDWxLPk2gZ%2FhiYouEuegFVUN%2FuIKpFgBwHJs74fD9ZzgVHve30dKzoOMQn1%2FlENoGq6K28jAuOTOb9MR38E5Kq%2BgP9gIBGIMRcfTP199zNrbzf7Mntf0BRanhH1fshCtmwtzJwd3NKXkNS6ea02Ad7APjLqZoDxg6kqX9ov1SQsbG9O1qa74M2iMwOg%3D%3D","entryPoint":"sendPushOnNotification","runtime":"nodejs22","dockerRegistry":"ARTIFACT_REGISTRY","labels":{"deployment-tool":"cli-firebase","firebase-functions-hash":"09ef2a7eabfdef60adb550ea820b65a433915927"},"eventTrigger":{"eventType":"providers/cloud.firestore/eventTypes/document.create","resource":"projects/barro-industries/databases/(default)/documents/notifications/{uid}/items/{itemId}"},"minInstances":null,"maxInstances":null,"ingressSettings":null,"environmentVariables":{"FIREBASE_CONFIG":"{\"projectId\":\"barro-industries\",\"storageBucket\":\"barro-industries.firebasestorage.app\"}","GCLOUD_PROJECT":"barro-industries","EVENTARC_CLOUD_EVENT_SOURCE":"projects/barro-industries/locations/us-central1/functions/sendPushOnNotification"},"serviceAccountEmail":null,"availableMemoryMb":null,"timeout":null,"vpcConnector":null,"vpcConnectorEgressSettings":null,"buildEnvironmentVariables":{"GOOGLE_NODE_RUN_SCRIPTS":""}}
[debug] [2026-06-15T23:23:48.073Z] <<< [apiv2][status] POST https://cloudfunctions.googleapis.com/v1/projects/barro-industries/locations/us-central1/functions 200
[debug] [2026-06-15T23:23:48.073Z] <<< [apiv2][body] POST https://cloudfunctions.googleapis.com/v1/projects/barro-industries/locations/us-central1/functions {"name":"operations/cHJvamVjdHMvYmFycm8taW5kdXN0cmllcy9sb2NhdGlvbnMvdXMtY2VudHJhbDEvb3BlcmF0aW9ucy9vcGVyYXRpb24tMTc4MTU2NTgyNjA3Ny02NTQ1MzFlMzUxMzVkLWViODI0NjY0LTBhYTgyMTky","metadata":{"@type":"type.googleapis.com/google.cloud.functions.v1.OperationMetadataV1","target":"projects/barro-industries/locations/us-central1/functions/sendPushOnNotification","updateTime":"2026-06-15T23:23:47.978508170Z"}}
[debug] [2026-06-15T23:23:48.073Z] Checked if tokens are valid: true, expires at: 1781569278737
[debug] [2026-06-15T23:23:48.074Z] Checked if tokens are valid: true, expires at: 1781569278737
[debug] [2026-06-15T23:23:48.074Z] >>> [apiv2][query] GET https://cloudfunctions.googleapis.com/v1/operations/cHJvamVjdHMvYmFycm8taW5kdXN0cmllcy9sb2NhdGlvbnMvdXMtY2VudHJhbDEvb3BlcmF0aW9ucy9vcGVyYXRpb24tMTc4MTU2NTgyNjA3Ny02NTQ1MzFlMzUxMzVkLWViODI0NjY0LTBhYTgyMTky [none]
[debug] [2026-06-15T23:23:48.551Z] <<< [apiv2][status] GET https://cloudfunctions.googleapis.com/v1/operations/cHJvamVjdHMvYmFycm8taW5kdXN0cmllcy9sb2NhdGlvbnMvdXMtY2VudHJhbDEvb3BlcmF0aW9ucy9vcGVyYXRpb24tMTc4MTU2NTgyNjA3Ny02NTQ1MzFlMzUxMzVkLWViODI0NjY0LTBhYTgyMTky 200
[debug] [2026-06-15T23:23:48.551Z] <<< [apiv2][body] GET https://cloudfunctions.googleapis.com/v1/operations/cHJvamVjdHMvYmFycm8taW5kdXN0cmllcy9sb2NhdGlvbnMvdXMtY2VudHJhbDEvb3BlcmF0aW9ucy9vcGVyYXRpb24tMTc4MTU2NTgyNjA3Ny02NTQ1MzFlMzUxMzVkLWViODI0NjY0LTBhYTgyMTky {"name":"operations/cHJvamVjdHMvYmFycm8taW5kdXN0cmllcy9sb2NhdGlvbnMvdXMtY2VudHJhbDEvb3BlcmF0aW9ucy9vcGVyYXRpb24tMTc4MTU2NTgyNjA3Ny02NTQ1MzFlMzUxMzVkLWViODI0NjY0LTBhYTgyMTky","metadata":{"@type":"type.googleapis.com/google.cloud.functions.v1.OperationMetadataV1","target":"projects/barro-industries/locations/us-central1/functions/sendPushOnNotification","type":"CREATE_FUNCTION","request":{"@type":"type.googleapis.com/google.cloud.functions.v1.CloudFunction","name":"projects/barro-industries/locations/us-central1/functions/sendPushOnNotification","eventTrigger":{"eventType":"providers/cloud.firestore/eventTypes/document.create","resource":"projects/barro-industries/databases/(default)/documents/notifications/{uid}/items/{itemId}","failurePolicy":{}},"entryPoint":"sendPushOnNotification","updateTime":"1970-01-01T00:00:00Z","labels":{"deployment-tool":"cli-firebase","firebase-functions-hash":"09ef2a7eabfdef60adb550ea820b65a433915927"},"sourceUploadUrl":"https://storage.googleapis.com/uploads-145234678984.us-central1.cloudfunctions.appspot.com/f0e7f775-25d2-4270-ac97-8091e3d474d4.zip?GoogleAccessId=service-700081895848@gcf-admin-robot.iam.gserviceaccount.com&Expires=1781567623&Signature=X5tDSyDkzkLYm%2B43zXu%2Fn9O%2BgAeSafvHt0xx6PkGDlIfIOyh43TwShoK7PqBTJ7qkYeFjDHR0zL3%2FwY3zP93FyY4A%2BdmTSNQrWiHEqY9RiOHihhn7S2vBcPcnSZS7uUAkafU1%2FSDSzJhDIigeqymt0QPTsVPDWxLPk2gZ%2FhiYouEuegFVUN%2FuIKpFgBwHJs74fD9ZzgVHve30dKzoOMQn1%2FlENoGq6K28jAuOTOb9MR38E5Kq%2BgP9gIBGIMRcfTP199zNrbzf7Mntf0BRanhH1fshCtmwtzJwd3NKXkNS6ea02Ad7APjLqZoDxg6kqX9ov1SQsbG9O1qa74M2iMwOg%3D%3D","environmentVariables":{"FIREBASE_CONFIG":"{\"projectId\":\"barro-industries\",\"storageBucket\":\"barro-industries.firebasestorage.app\"}","GCLOUD_PROJECT":"barro-industries","EVENTARC_CLOUD_EVENT_SOURCE":"projects/barro-industries/locations/us-central1/functions/sendPushOnNotification"},"runtime":"nodejs22","buildEnvironmentVariables":{"GOOGLE_NODE_RUN_SCRIPTS":""},"dockerRegistry":"ARTIFACT_REGISTRY"},"updateTime":"2026-06-15T23:23:48.398572560Z"},"done":true,"error":{"code":9,"message":"Failed to create 1st Gen function projects/barro-industries/locations/us-central1/functions/sendPushOnNotification: Default service account '700081895848-compute@developer.gserviceaccount.com' doesn't exist. Please recreate this account or specify a different account. Please visit https://cloud.google.com/functions/docs/troubleshooting for in-depth troubleshooting documentation."}}
[debug] [2026-06-15T23:23:48.551Z] Got source token undefined for region us-central1
[error] Failed to create 1st Gen function projects/barro-industries/locations/us-central1/functions/sendPushOnNotification: Default service account '700081895848-compute@developer.gserviceaccount.com' doesn't exist. Please recreate this account or specify a different account. Please visit https://cloud.google.com/functions/docs/troubleshooting for in-depth troubleshooting documentation.
[warn] ⚠  functions: Deploys failed. Skipping deletes. 
[debug] [2026-06-15T23:23:48.557Z] Total Function Deployment time: 2955
[debug] [2026-06-15T23:23:48.557Z] 1 Functions Deployed
[debug] [2026-06-15T23:23:48.557Z] 1 Functions Errored
[debug] [2026-06-15T23:23:48.557Z] 0 Function Deployments Aborted
[debug] [2026-06-15T23:23:48.557Z] Average Function Deployment time: 2954
[info] 
[info] Functions deploy had errors with the following functions:
	sendPushOnNotification(us-central1)
[debug] [2026-06-15T23:23:48.642Z] Checked if tokens are valid: true, expires at: 1781569278737
[debug] [2026-06-15T23:23:48.642Z] Checked if tokens are valid: true, expires at: 1781569278737
[debug] [2026-06-15T23:23:48.642Z] >>> [apiv2][query] GET https://artifactregistry.googleapis.com/v1/projects/barro-industries/locations/us-central1/repositories/gcf-artifacts [none]
[debug] [2026-06-15T23:23:49.865Z] <<< [apiv2][status] GET https://artifactregistry.googleapis.com/v1/projects/barro-industries/locations/us-central1/repositories/gcf-artifacts 404
[debug] [2026-06-15T23:23:49.865Z] <<< [apiv2][body] GET https://artifactregistry.googleapis.com/v1/projects/barro-industries/locations/us-central1/repositories/gcf-artifacts {"error":{"code":404,"message":"Requested entity was not found.","status":"NOT_FOUND"}}
[debug] [2026-06-15T23:23:49.866Z] Failed to check artifact cleanup policy for region us-central1: Request to https://artifactregistry.googleapis.com/v1/projects/barro-industries/locations/us-central1/repositories/gcf-artifacts had HTTP Error: 404, Requested entity was not found. {"name":"FirebaseError","children":[],"context":{"body":{"error":{"code":404,"message":"Requested entity was not found.","status":"NOT_FOUND"}},"response":{"statusCode":404}},"exit":1,"message":"Request to https://artifactregistry.googleapis.com/v1/projects/barro-industries/locations/us-central1/repositories/gcf-artifacts had HTTP Error: 404, Requested entity was not found.","status":404}
[debug] [2026-06-15T23:23:49.866Z] Functions deploy failed.
[debug] [2026-06-15T23:23:49.866Z] {
  "endpoint": {
    "id": "sendPushOnNotification",
    "project": "barro-industries",
    "region": "us-central1",
    "entryPoint": "sendPushOnNotification",
    "platform": "gcfv1",
    "runtime": "nodejs22",
    "eventTrigger": {
      "eventType": "providers/cloud.firestore/eventTypes/document.create",
      "retry": false,
      "eventFilters": {
        "resource": "projects/barro-industries/databases/(default)/documents/notifications/{uid}/items/{itemId}"
      }
    },
    "labels": {
      "deployment-tool": "cli-firebase"
    },
    "serviceAccount": null,
    "ingressSettings": null,
    "availableMemoryMb": null,
    "timeoutSeconds": null,
    "maxInstances": null,
    "minInstances": null,
    "vpc": null,
    "environmentVariables": {
      "FIREBASE_CONFIG": "{\"projectId\":\"barro-industries\",\"storageBucket\":\"barro-industries.firebasestorage.app\"}",
      "GCLOUD_PROJECT": "barro-industries",
      "EVENTARC_CLOUD_EVENT_SOURCE": "projects/barro-industries/locations/us-central1/functions/sendPushOnNotification"
    },
    "codebase": "default",
    "targetedByOnly": false,
    "hash": "09ef2a7eabfdef60adb550ea820b65a433915927"
  },
  "op": "create",
  "original": {
    "name": "FirebaseError",
    "children": [],
    "exit": 1,
    "message": "Failed to create 1st Gen function projects/barro-industries/locations/us-central1/functions/sendPushOnNotification: Default service account '700081895848-compute@developer.gserviceaccount.com' doesn't exist. Please recreate this account or specify a different account. Please visit https://cloud.google.com/functions/docs/troubleshooting for in-depth troubleshooting documentation.",
    "original": {
      "code": 9,
      "message": "Failed to create 1st Gen function projects/barro-industries/locations/us-central1/functions/sendPushOnNotification: Default service account '700081895848-compute@developer.gserviceaccount.com' doesn't exist. Please recreate this account or specify a different account. Please visit https://cloud.google.com/functions/docs/troubleshooting for in-depth troubleshooting documentation."
    },
    "status": 9,
    "code": 9
  }
}
[debug] [2026-06-15T23:23:49.903Z] Error: Failed to create function sendPushOnNotification in region us-central1
    at /Users/neilbarro/.npm-global/lib/node_modules/firebase-tools/lib/deploy/functions/release/fabricator.js:54:11
    at process.processTicksAndRejections (node:internal/process/task_queues:104:5)
    at async Fabricator.createV1Function (/Users/neilbarro/.npm-global/lib/node_modules/firebase-tools/lib/deploy/functions/release/fabricator.js:207:32)
    at async Fabricator.createEndpoint (/Users/neilbarro/.npm-global/lib/node_modules/firebase-tools/lib/deploy/functions/release/fabricator.js:150:13)
    at async Fabricator.wrapOperation (/Users/neilbarro/.npm-global/lib/node_modules/firebase-tools/lib/deploy/functions/release/fabricator.js:138:13)
    at async Promise.all (index 0)
    at async Promise.allSettled (index 0)
    at async Fabricator.applyPlan (/Users/neilbarro/.npm-global/lib/node_modules/firebase-tools/lib/deploy/functions/release/fabricator.js:77:45)
    at async release (/Users/neilbarro/.npm-global/lib/node_modules/firebase-tools/lib/deploy/functions/release/index.js:87:21)
    at async chain (/Users/neilbarro/.npm-global/lib/node_modules/firebase-tools/lib/deploy/index.js:45:9)
[error] 
[error] Error: There was an error deploying functions
[debug] [2026-06-15T23:26:28.446Z] ----------------------------------------------------------------------
[debug] [2026-06-15T23:26:28.451Z] Command:       /usr/local/bin/node /Users/neilbarro/.npm-global/bin/firebase deploy --only functions
[debug] [2026-06-15T23:26:28.452Z] CLI Version:   15.20.0
[debug] [2026-06-15T23:26:28.452Z] Platform:      darwin
[debug] [2026-06-15T23:26:28.452Z] Node Version:  v24.16.0
[debug] [2026-06-15T23:26:28.452Z] Time:          Tue Jun 16 2026 07:26:28 GMT+0800 (Philippine Standard Time)
[debug] [2026-06-15T23:26:28.452Z] ----------------------------------------------------------------------
[debug] 
[debug] [2026-06-15T23:26:29.174Z] > command requires scopes: ["email","openid","https://www.googleapis.com/auth/cloudplatformprojects.readonly","https://www.googleapis.com/auth/firebase","https://www.googleapis.com/auth/cloud-platform"]
[debug] [2026-06-15T23:26:29.174Z] > authorizing via signed-in user (neilbarro870@gmail.com)
[debug] [2026-06-15T23:26:29.174Z] [iam] checking project barro-industries for permissions ["cloudfunctions.functions.create","cloudfunctions.functions.delete","cloudfunctions.functions.get","cloudfunctions.functions.list","cloudfunctions.functions.update","cloudfunctions.operations.get","firebase.projects.get"]
[debug] [2026-06-15T23:26:29.174Z] Checked if tokens are valid: true, expires at: 1781569278737
[debug] [2026-06-15T23:26:29.174Z] Checked if tokens are valid: true, expires at: 1781569278737
[debug] [2026-06-15T23:26:29.175Z] >>> [apiv2][query] POST https://cloudresourcemanager.googleapis.com/v1/projects/barro-industries:testIamPermissions [none]
[debug] [2026-06-15T23:26:29.175Z] >>> [apiv2][(partial)header] POST https://cloudresourcemanager.googleapis.com/v1/projects/barro-industries:testIamPermissions  x-goog-user-project=barro-industries
[debug] [2026-06-15T23:26:29.175Z] >>> [apiv2][body] POST https://cloudresourcemanager.googleapis.com/v1/projects/barro-industries:testIamPermissions {"permissions":["cloudfunctions.functions.create","cloudfunctions.functions.delete","cloudfunctions.functions.get","cloudfunctions.functions.list","cloudfunctions.functions.update","cloudfunctions.operations.get","firebase.projects.get"]}
[debug] [2026-06-15T23:26:30.100Z] <<< [apiv2][status] POST https://cloudresourcemanager.googleapis.com/v1/projects/barro-industries:testIamPermissions 200
[debug] [2026-06-15T23:26:30.100Z] <<< [apiv2][body] POST https://cloudresourcemanager.googleapis.com/v1/projects/barro-industries:testIamPermissions {"permissions":["cloudfunctions.functions.create","cloudfunctions.functions.delete","cloudfunctions.functions.get","cloudfunctions.functions.list","cloudfunctions.functions.update","cloudfunctions.operations.get","firebase.projects.get"]}
[debug] [2026-06-15T23:26:30.101Z] Checked if tokens are valid: true, expires at: 1781569278737
[debug] [2026-06-15T23:26:30.101Z] Checked if tokens are valid: true, expires at: 1781569278737
[debug] [2026-06-15T23:26:30.101Z] >>> [apiv2][query] POST https://iam.googleapis.com/v1/projects/barro-industries/serviceAccounts/barro-industries@appspot.gserviceaccount.com:testIamPermissions [none]
[debug] [2026-06-15T23:26:30.101Z] >>> [apiv2][body] POST https://iam.googleapis.com/v1/projects/barro-industries/serviceAccounts/barro-industries@appspot.gserviceaccount.com:testIamPermissions {"permissions":["iam.serviceAccounts.actAs"]}
[debug] [2026-06-15T23:26:31.241Z] <<< [apiv2][status] POST https://iam.googleapis.com/v1/projects/barro-industries/serviceAccounts/barro-industries@appspot.gserviceaccount.com:testIamPermissions 200
[debug] [2026-06-15T23:26:31.242Z] <<< [apiv2][body] POST https://iam.googleapis.com/v1/projects/barro-industries/serviceAccounts/barro-industries@appspot.gserviceaccount.com:testIamPermissions {"permissions":["iam.serviceAccounts.actAs"]}
[info] 
[info] === Deploying to 'barro-industries'...
[info] 
[info] i  deploying functions 
[debug] [2026-06-15T23:26:31.246Z] Checked if tokens are valid: true, expires at: 1781569278737
[debug] [2026-06-15T23:26:31.246Z] Checked if tokens are valid: true, expires at: 1781569278737
[debug] [2026-06-15T23:26:31.246Z] >>> [apiv2][query] GET https://cloudresourcemanager.googleapis.com/v1/projects/barro-industries [none]
[debug] [2026-06-15T23:26:31.505Z] <<< [apiv2][status] GET https://cloudresourcemanager.googleapis.com/v1/projects/barro-industries 200
[debug] [2026-06-15T23:26:31.505Z] <<< [apiv2][body] GET https://cloudresourcemanager.googleapis.com/v1/projects/barro-industries {"projectNumber":"700081895848","projectId":"barro-industries","lifecycleState":"ACTIVE","name":"Barro Industries","labels":{"firebase":"enabled","firebase-core":"disabled"},"createTime":"2026-06-11T04:33:50.826Z"}
[info] i  functions: preparing codebase default for deployment 
[info] i  functions: ensuring required API cloudfunctions.googleapis.com is enabled... 
[info] i  functions: ensuring required API cloudbuild.googleapis.com is enabled... 
[info] i  artifactregistry: ensuring required API artifactregistry.googleapis.com is enabled... 
[debug] [2026-06-15T23:26:31.507Z] Checked if tokens are valid: true, expires at: 1781569278737
[debug] [2026-06-15T23:26:31.507Z] Checked if tokens are valid: true, expires at: 1781569278737
[debug] [2026-06-15T23:26:31.507Z] >>> [apiv2][query] GET https://firebase.googleapis.com/v1beta1/projects/barro-industries/adminSdkConfig [none]
[debug] [2026-06-15T23:26:32.236Z] <<< [apiv2][status] GET https://firebase.googleapis.com/v1beta1/projects/barro-industries/adminSdkConfig 200
[debug] [2026-06-15T23:26:32.236Z] <<< [apiv2][body] GET https://firebase.googleapis.com/v1beta1/projects/barro-industries/adminSdkConfig {"projectId":"barro-industries","storageBucket":"barro-industries.firebasestorage.app"}
[debug] [2026-06-15T23:26:32.236Z] Checked if tokens are valid: true, expires at: 1781569278737
[debug] [2026-06-15T23:26:32.236Z] Checked if tokens are valid: true, expires at: 1781569278737
[debug] [2026-06-15T23:26:32.236Z] >>> [apiv2][query] GET https://runtimeconfig.googleapis.com/v1beta1/projects/barro-industries/configs [none]
[debug] [2026-06-15T23:26:32.751Z] <<< [apiv2][status] GET https://runtimeconfig.googleapis.com/v1beta1/projects/barro-industries/configs 200
[debug] [2026-06-15T23:26:32.751Z] <<< [apiv2][body] GET https://runtimeconfig.googleapis.com/v1beta1/projects/barro-industries/configs {}
[debug] [2026-06-15T23:26:32.753Z] Validating nodejs source
[warn] ⚠  functions: package.json indicates an outdated version of firebase-functions. Please upgrade using npm install --save firebase-functions@latest in your functions directory. 
[warn] ⚠  functions: Please note that there will be breaking changes when you upgrade. 
[debug] [2026-06-15T23:26:33.376Z] > [functions] package.json contents: {
  "name": "barro-industries-functions",
  "description": "Barro Industries Firebase Cloud Functions",
  "scripts": {
    "deploy": "firebase deploy --only functions"
  },
  "engines": {
    "node": "22"
  },
  "main": "index.js",
  "dependencies": {
    "firebase-admin": "^12.0.0",
    "firebase-functions": "^5.0.0"
  }
}
[debug] [2026-06-15T23:26:33.376Z] Building nodejs source
[info] i  functions: Loading and analyzing source code for codebase default to determine what to deploy 
[debug] [2026-06-15T23:26:33.377Z] Could not find functions.yaml. Must use http discovery
[debug] [2026-06-15T23:26:33.382Z] Found firebase-functions binary at '/Users/neilbarro/Library/CloudStorage/OneDrive-Personal/BARRO INDUSTRIES copy/Operation Systems Development/functions/node_modules/.bin/firebase-functions'
[info] Serving at port 8184

[debug] [2026-06-15T23:26:33.672Z] Got response from /__/functions.yaml {"endpoints":{"sendPushOnNotification":{"platform":"gcfv1","availableMemoryMb":null,"timeoutSeconds":null,"minInstances":null,"maxInstances":null,"ingressSettings":null,"serviceAccountEmail":null,"vpc":null,"eventTrigger":{"eventType":"providers/cloud.firestore/eventTypes/document.create","eventFilters":{"resource":"projects/barro-industries/databases/(default)/documents/notifications/{uid}/items/{itemId}"},"retry":false},"labels":{},"entryPoint":"sendPushOnNotification"}},"specVersion":"v1alpha1","requiredAPIs":[],"extensions":{}}
[debug] [2026-06-15T23:26:37.690Z] Checked if tokens are valid: true, expires at: 1781569278737
[debug] [2026-06-15T23:26:37.690Z] Checked if tokens are valid: true, expires at: 1781569278737
[debug] [2026-06-15T23:26:37.690Z] >>> [apiv2][query] GET https://cloudfunctions.googleapis.com/v1/projects/barro-industries/locations/-/functions [none]
[debug] [2026-06-15T23:26:38.490Z] <<< [apiv2][status] GET https://cloudfunctions.googleapis.com/v1/projects/barro-industries/locations/-/functions 200
[debug] [2026-06-15T23:26:38.490Z] <<< [apiv2][body] GET https://cloudfunctions.googleapis.com/v1/projects/barro-industries/locations/-/functions {}
[debug] [2026-06-15T23:26:38.490Z] Checked if tokens are valid: true, expires at: 1781569278737
[debug] [2026-06-15T23:26:38.491Z] Checked if tokens are valid: true, expires at: 1781569278737
[debug] [2026-06-15T23:26:38.491Z] >>> [apiv2][query] GET https://cloudfunctions.googleapis.com/v2/projects/barro-industries/locations/-/functions filter=environment%3D%22GEN_2%22
[debug] [2026-06-15T23:26:40.030Z] <<< [apiv2][status] GET https://cloudfunctions.googleapis.com/v2/projects/barro-industries/locations/-/functions 200
[debug] [2026-06-15T23:26:40.030Z] <<< [apiv2][body] GET https://cloudfunctions.googleapis.com/v2/projects/barro-industries/locations/-/functions {}
[info] i  extensions: ensuring required API firebaseextensions.googleapis.com is enabled... 
[debug] [2026-06-15T23:26:40.031Z] > command requires scopes: ["email","openid","https://www.googleapis.com/auth/cloudplatformprojects.readonly","https://www.googleapis.com/auth/firebase","https://www.googleapis.com/auth/cloud-platform"]
[debug] [2026-06-15T23:26:40.031Z] > authorizing via signed-in user (neilbarro870@gmail.com)
[debug] [2026-06-15T23:26:40.031Z] [iam] checking project barro-industries for permissions ["firebase.projects.get","firebaseextensions.instances.list"]
[debug] [2026-06-15T23:26:40.031Z] Checked if tokens are valid: true, expires at: 1781569278737
[debug] [2026-06-15T23:26:40.031Z] Checked if tokens are valid: true, expires at: 1781569278737
[debug] [2026-06-15T23:26:40.031Z] >>> [apiv2][query] POST https://cloudresourcemanager.googleapis.com/v1/projects/barro-industries:testIamPermissions [none]
[debug] [2026-06-15T23:26:40.031Z] >>> [apiv2][(partial)header] POST https://cloudresourcemanager.googleapis.com/v1/projects/barro-industries:testIamPermissions  x-goog-user-project=barro-industries
[debug] [2026-06-15T23:26:40.031Z] >>> [apiv2][body] POST https://cloudresourcemanager.googleapis.com/v1/projects/barro-industries:testIamPermissions {"permissions":["firebase.projects.get","firebaseextensions.instances.list"]}
[debug] [2026-06-15T23:26:41.035Z] <<< [apiv2][status] POST https://cloudresourcemanager.googleapis.com/v1/projects/barro-industries:testIamPermissions 200
[debug] [2026-06-15T23:26:41.035Z] <<< [apiv2][body] POST https://cloudresourcemanager.googleapis.com/v1/projects/barro-industries:testIamPermissions {"permissions":["firebase.projects.get","firebaseextensions.instances.list"]}
[debug] [2026-06-15T23:26:41.036Z] Checked if tokens are valid: true, expires at: 1781569278737
[debug] [2026-06-15T23:26:41.036Z] Checked if tokens are valid: true, expires at: 1781569278737
[debug] [2026-06-15T23:26:41.036Z] >>> [apiv2][query] GET https://firebaseextensions.googleapis.com/v1beta/projects/barro-industries/instances pageSize=100&pageToken=
[debug] [2026-06-15T23:26:42.145Z] <<< [apiv2][status] GET https://firebaseextensions.googleapis.com/v1beta/projects/barro-industries/instances 200
[debug] [2026-06-15T23:26:42.145Z] <<< [apiv2][body] GET https://firebaseextensions.googleapis.com/v1beta/projects/barro-industries/instances {}
[info] i  functions: preparing functions directory for uploading... 
[info] i  functions: packaged /Users/neilbarro/Library/CloudStorage/OneDrive-Personal/BARRO INDUSTRIES copy/Operation Systems Development/functions (30.51 KB) for uploading 
[debug] [2026-06-15T23:26:42.171Z] Checked if tokens are valid: true, expires at: 1781569278737
[debug] [2026-06-15T23:26:42.171Z] Checked if tokens are valid: true, expires at: 1781569278737
[debug] [2026-06-15T23:26:42.171Z] >>> [apiv2][query] GET https://firestore.googleapis.com/v1/projects/barro-industries/databases/(default) [none]
[debug] [2026-06-15T23:26:42.425Z] <<< [apiv2][status] GET https://firestore.googleapis.com/v1/projects/barro-industries/databases/(default) 200
[debug] [2026-06-15T23:26:42.425Z] <<< [apiv2][body] GET https://firestore.googleapis.com/v1/projects/barro-industries/databases/(default) {"name":"projects/barro-industries/databases/(default)","uid":"33a1b85b-37b4-4492-95bc-8e73f3babf90","createTime":"2026-06-11T04:36:35.268553Z","updateTime":"2026-06-11T04:36:35.268553Z","locationId":"asia-east1","type":"FIRESTORE_NATIVE","concurrencyMode":"PESSIMISTIC","versionRetentionPeriod":"3600s","earliestVersionTime":"2026-06-15T22:26:42.502834Z","appEngineIntegrationMode":"DISABLED","keyPrefix":"zde","pointInTimeRecoveryEnablement":"POINT_IN_TIME_RECOVERY_DISABLED","deleteProtectionState":"DELETE_PROTECTION_DISABLED","databaseEdition":"STANDARD","freeTier":true,"realtimeUpdatesMode":"REALTIME_UPDATES_MODE_ENABLED","etag":"IIa25MWyipUDMNqgiZiz/pQD"}
[warn] ⚠  functions: The following functions have triggers in different regions than they are located:
- sendPushOnNotification (us-central1, Trigger: asia-east1)
To avoid unnecessary cross-region network hops, consider assigning these functions to their trigger regions or collocating them. To suppress this warning, set FIREBASE_SUPPRESS_REGION_WARNING=true in your environment variables. 
[debug] [2026-06-15T23:26:42.430Z] Checked if tokens are valid: true, expires at: 1781569278737
[debug] [2026-06-15T23:26:42.431Z] Checked if tokens are valid: true, expires at: 1781569278737
[debug] [2026-06-15T23:26:42.431Z] >>> [apiv2][query] GET https://cloudresourcemanager.googleapis.com/v1/projects/barro-industries [none]
[debug] [2026-06-15T23:26:42.677Z] <<< [apiv2][status] GET https://cloudresourcemanager.googleapis.com/v1/projects/barro-industries 200
[debug] [2026-06-15T23:26:42.677Z] <<< [apiv2][body] GET https://cloudresourcemanager.googleapis.com/v1/projects/barro-industries {"projectNumber":"700081895848","projectId":"barro-industries","lifecycleState":"ACTIVE","name":"Barro Industries","labels":{"firebase":"enabled","firebase-core":"disabled"},"createTime":"2026-06-11T04:33:50.826Z"}
[debug] [2026-06-15T23:26:42.678Z] Checked if tokens are valid: true, expires at: 1781569278737
[debug] [2026-06-15T23:26:42.678Z] Checked if tokens are valid: true, expires at: 1781569278737
[debug] [2026-06-15T23:26:42.678Z] >>> [apiv2][query] GET https://cloudbilling.googleapis.com/v1/projects/barro-industries/billingInfo [none]
[debug] [2026-06-15T23:26:43.826Z] <<< [apiv2][status] GET https://cloudbilling.googleapis.com/v1/projects/barro-industries/billingInfo 200
[debug] [2026-06-15T23:26:43.826Z] <<< [apiv2][body] GET https://cloudbilling.googleapis.com/v1/projects/barro-industries/billingInfo {"name":"projects/barro-industries/billingInfo","projectId":"barro-industries","billingAccountName":"billingAccounts/017BE5-31722D-2CCB06","billingEnabled":true}
[debug] [2026-06-15T23:26:43.828Z] Checked if tokens are valid: true, expires at: 1781569278737
[debug] [2026-06-15T23:26:43.828Z] Checked if tokens are valid: true, expires at: 1781569278737
[debug] [2026-06-15T23:26:43.828Z] >>> [apiv2][query] POST https://cloudfunctions.googleapis.com/v1/projects/barro-industries/locations/us-central1/functions:generateUploadUrl [none]
[debug] [2026-06-15T23:26:43.828Z] >>> [apiv2][body] POST https://cloudfunctions.googleapis.com/v1/projects/barro-industries/locations/us-central1/functions:generateUploadUrl {}
[debug] [2026-06-15T23:26:44.719Z] <<< [apiv2][status] POST https://cloudfunctions.googleapis.com/v1/projects/barro-industries/locations/us-central1/functions:generateUploadUrl 200
[debug] [2026-06-15T23:26:44.719Z] <<< [apiv2][body] POST https://cloudfunctions.googleapis.com/v1/projects/barro-industries/locations/us-central1/functions:generateUploadUrl {"uploadUrl":"https://storage.googleapis.com/uploads-145234678984.us-central1.cloudfunctions.appspot.com/6b4913c9-5e28-4ccd-8414-3120b403a10a.zip?GoogleAccessId=service-700081895848@gcf-admin-robot.iam.gserviceaccount.com&Expires=1781567804&Signature=dGDMedsRcxIBfYKSp9joQuhBD8wVxtEEdHMrI3ww%2FW%2FEWLSRoLBjoXVPNAw5blD%2BoiXlut4WGx0iFyVgoBAqYJFPjLYgJJk7K0a9P%2BFScKj%2Fr%2Bo7IvgDUtbqWhcpIyLWcFJMR39T2fuIDhW0sQqmCozpu0lE0nPnzub6MbIjk7OsJiP%2FKJBS9XGvlWRgbAhbj8A%2Byh%2FBGlGqWO50yHTu0mHH%2FyY%2Btda%2BIMJFKgV1IkMF%2FuAFCrNuPs948NfaCwEGvqDfndfE3POi5x7eiptU3DSLWkrG0jgJpnueUs54MZFHbY1yU9Jhjegnp5Mo6ls91Lv6IKOAZXBlh0sVsipTPg%3D%3D"}
[debug] [2026-06-15T23:26:44.721Z] >>> [apiv2][query] PUT https://storage.googleapis.com/uploads-145234678984.us-central1.cloudfunctions.appspot.com/6b4913c9-5e28-4ccd-8414-3120b403a10a.zip GoogleAccessId=service-700081895848%40gcf-admin-robot.iam.gserviceaccount.com&Expires=1781567804&Signature=dGDMedsRcxIBfYKSp9joQuhBD8wVxtEEdHMrI3ww%2FW%2FEWLSRoLBjoXVPNAw5blD%2BoiXlut4WGx0iFyVgoBAqYJFPjLYgJJk7K0a9P%2BFScKj%2Fr%2Bo7IvgDUtbqWhcpIyLWcFJMR39T2fuIDhW0sQqmCozpu0lE0nPnzub6MbIjk7OsJiP%2FKJBS9XGvlWRgbAhbj8A%2Byh%2FBGlGqWO50yHTu0mHH%2FyY%2Btda%2BIMJFKgV1IkMF%2FuAFCrNuPs948NfaCwEGvqDfndfE3POi5x7eiptU3DSLWkrG0jgJpnueUs54MZFHbY1yU9Jhjegnp5Mo6ls91Lv6IKOAZXBlh0sVsipTPg%3D%3D
[debug] [2026-06-15T23:26:44.721Z] >>> [apiv2][body] PUT https://storage.googleapis.com/uploads-145234678984.us-central1.cloudfunctions.appspot.com/6b4913c9-5e28-4ccd-8414-3120b403a10a.zip [stream]
[debug] [2026-06-15T23:26:47.531Z] <<< [apiv2][status] PUT https://storage.googleapis.com/uploads-145234678984.us-central1.cloudfunctions.appspot.com/6b4913c9-5e28-4ccd-8414-3120b403a10a.zip 200
[debug] [2026-06-15T23:26:47.531Z] <<< [apiv2][body] PUT https://storage.googleapis.com/uploads-145234678984.us-central1.cloudfunctions.appspot.com/6b4913c9-5e28-4ccd-8414-3120b403a10a.zip [omitted]
[info] ✔  functions: functions source uploaded successfully 
[info] i  functions: creating Node.js 22 (1st Gen) function sendPushOnNotification(us-central1)... 
[debug] [2026-06-15T23:26:47.536Z] Checked if tokens are valid: true, expires at: 1781569278737
[debug] [2026-06-15T23:26:47.536Z] Checked if tokens are valid: true, expires at: 1781569278737
[debug] [2026-06-15T23:26:47.536Z] >>> [apiv2][query] POST https://cloudfunctions.googleapis.com/v1/projects/barro-industries/locations/us-central1/functions [none]
[debug] [2026-06-15T23:26:47.536Z] >>> [apiv2][body] POST https://cloudfunctions.googleapis.com/v1/projects/barro-industries/locations/us-central1/functions {"name":"projects/barro-industries/locations/us-central1/functions/sendPushOnNotification","sourceUploadUrl":"https://storage.googleapis.com/uploads-145234678984.us-central1.cloudfunctions.appspot.com/6b4913c9-5e28-4ccd-8414-3120b403a10a.zip?GoogleAccessId=service-700081895848@gcf-admin-robot.iam.gserviceaccount.com&Expires=1781567804&Signature=dGDMedsRcxIBfYKSp9joQuhBD8wVxtEEdHMrI3ww%2FW%2FEWLSRoLBjoXVPNAw5blD%2BoiXlut4WGx0iFyVgoBAqYJFPjLYgJJk7K0a9P%2BFScKj%2Fr%2Bo7IvgDUtbqWhcpIyLWcFJMR39T2fuIDhW0sQqmCozpu0lE0nPnzub6MbIjk7OsJiP%2FKJBS9XGvlWRgbAhbj8A%2Byh%2FBGlGqWO50yHTu0mHH%2FyY%2Btda%2BIMJFKgV1IkMF%2FuAFCrNuPs948NfaCwEGvqDfndfE3POi5x7eiptU3DSLWkrG0jgJpnueUs54MZFHbY1yU9Jhjegnp5Mo6ls91Lv6IKOAZXBlh0sVsipTPg%3D%3D","entryPoint":"sendPushOnNotification","runtime":"nodejs22","dockerRegistry":"ARTIFACT_REGISTRY","labels":{"deployment-tool":"cli-firebase","firebase-functions-hash":"3b42c14deb70af65623da91c44e880089cd83032"},"eventTrigger":{"eventType":"providers/cloud.firestore/eventTypes/document.create","resource":"projects/barro-industries/databases/(default)/documents/notifications/{uid}/items/{itemId}"},"minInstances":null,"maxInstances":null,"ingressSettings":null,"environmentVariables":{"FIREBASE_CONFIG":"{\"projectId\":\"barro-industries\",\"storageBucket\":\"barro-industries.firebasestorage.app\"}","GCLOUD_PROJECT":"barro-industries","EVENTARC_CLOUD_EVENT_SOURCE":"projects/barro-industries/locations/us-central1/functions/sendPushOnNotification"},"serviceAccountEmail":null,"availableMemoryMb":null,"timeout":null,"vpcConnector":null,"vpcConnectorEgressSettings":null,"buildEnvironmentVariables":{"GOOGLE_NODE_RUN_SCRIPTS":""}}
[debug] [2026-06-15T23:26:48.460Z] <<< [apiv2][status] POST https://cloudfunctions.googleapis.com/v1/projects/barro-industries/locations/us-central1/functions 200
[debug] [2026-06-15T23:26:48.460Z] <<< [apiv2][body] POST https://cloudfunctions.googleapis.com/v1/projects/barro-industries/locations/us-central1/functions {"name":"operations/cHJvamVjdHMvYmFycm8taW5kdXN0cmllcy9sb2NhdGlvbnMvdXMtY2VudHJhbDEvb3BlcmF0aW9ucy9vcGVyYXRpb24tMTc4MTU2NjAwODAwMi02NTQ1MzI5MGQwODcyLWZjZTkwM2U3LWUzYjdmODky","metadata":{"@type":"type.googleapis.com/google.cloud.functions.v1.OperationMetadataV1","target":"projects/barro-industries/locations/us-central1/functions/sendPushOnNotification","updateTime":"2026-06-15T23:26:48.425837039Z"}}
[debug] [2026-06-15T23:26:48.461Z] Checked if tokens are valid: true, expires at: 1781569278737
[debug] [2026-06-15T23:26:48.461Z] Checked if tokens are valid: true, expires at: 1781569278737
[debug] [2026-06-15T23:26:48.461Z] >>> [apiv2][query] GET https://cloudfunctions.googleapis.com/v1/operations/cHJvamVjdHMvYmFycm8taW5kdXN0cmllcy9sb2NhdGlvbnMvdXMtY2VudHJhbDEvb3BlcmF0aW9ucy9vcGVyYXRpb24tMTc4MTU2NjAwODAwMi02NTQ1MzI5MGQwODcyLWZjZTkwM2U3LWUzYjdmODky [none]
[debug] [2026-06-15T23:26:48.988Z] <<< [apiv2][status] GET https://cloudfunctions.googleapis.com/v1/operations/cHJvamVjdHMvYmFycm8taW5kdXN0cmllcy9sb2NhdGlvbnMvdXMtY2VudHJhbDEvb3BlcmF0aW9ucy9vcGVyYXRpb24tMTc4MTU2NjAwODAwMi02NTQ1MzI5MGQwODcyLWZjZTkwM2U3LWUzYjdmODky 200
[debug] [2026-06-15T23:26:48.989Z] <<< [apiv2][body] GET https://cloudfunctions.googleapis.com/v1/operations/cHJvamVjdHMvYmFycm8taW5kdXN0cmllcy9sb2NhdGlvbnMvdXMtY2VudHJhbDEvb3BlcmF0aW9ucy9vcGVyYXRpb24tMTc4MTU2NjAwODAwMi02NTQ1MzI5MGQwODcyLWZjZTkwM2U3LWUzYjdmODky {"name":"operations/cHJvamVjdHMvYmFycm8taW5kdXN0cmllcy9sb2NhdGlvbnMvdXMtY2VudHJhbDEvb3BlcmF0aW9ucy9vcGVyYXRpb24tMTc4MTU2NjAwODAwMi02NTQ1MzI5MGQwODcyLWZjZTkwM2U3LWUzYjdmODky","metadata":{"@type":"type.googleapis.com/google.cloud.functions.v1.OperationMetadataV1","target":"projects/barro-industries/locations/us-central1/functions/sendPushOnNotification","updateTime":"2026-06-15T23:26:48.425837039Z"}}
[debug] [2026-06-15T23:26:49.491Z] [create-default-us-central1-sendPushOnNotification] Retrying task index 0
[debug] [2026-06-15T23:26:49.491Z] Checked if tokens are valid: true, expires at: 1781569278737
[debug] [2026-06-15T23:26:49.491Z] Checked if tokens are valid: true, expires at: 1781569278737
[debug] [2026-06-15T23:26:49.491Z] >>> [apiv2][query] GET https://cloudfunctions.googleapis.com/v1/operations/cHJvamVjdHMvYmFycm8taW5kdXN0cmllcy9sb2NhdGlvbnMvdXMtY2VudHJhbDEvb3BlcmF0aW9ucy9vcGVyYXRpb24tMTc4MTU2NjAwODAwMi02NTQ1MzI5MGQwODcyLWZjZTkwM2U3LWUzYjdmODky [none]
[debug] [2026-06-15T23:26:49.953Z] <<< [apiv2][status] GET https://cloudfunctions.googleapis.com/v1/operations/cHJvamVjdHMvYmFycm8taW5kdXN0cmllcy9sb2NhdGlvbnMvdXMtY2VudHJhbDEvb3BlcmF0aW9ucy9vcGVyYXRpb24tMTc4MTU2NjAwODAwMi02NTQ1MzI5MGQwODcyLWZjZTkwM2U3LWUzYjdmODky 200
[debug] [2026-06-15T23:26:49.954Z] <<< [apiv2][body] GET https://cloudfunctions.googleapis.com/v1/operations/cHJvamVjdHMvYmFycm8taW5kdXN0cmllcy9sb2NhdGlvbnMvdXMtY2VudHJhbDEvb3BlcmF0aW9ucy9vcGVyYXRpb24tMTc4MTU2NjAwODAwMi02NTQ1MzI5MGQwODcyLWZjZTkwM2U3LWUzYjdmODky {"name":"operations/cHJvamVjdHMvYmFycm8taW5kdXN0cmllcy9sb2NhdGlvbnMvdXMtY2VudHJhbDEvb3BlcmF0aW9ucy9vcGVyYXRpb24tMTc4MTU2NjAwODAwMi02NTQ1MzI5MGQwODcyLWZjZTkwM2U3LWUzYjdmODky","metadata":{"@type":"type.googleapis.com/google.cloud.functions.v1.OperationMetadataV1","target":"projects/barro-industries/locations/us-central1/functions/sendPushOnNotification","type":"CREATE_FUNCTION","request":{"@type":"type.googleapis.com/google.cloud.functions.v1.CloudFunction","name":"projects/barro-industries/locations/us-central1/functions/sendPushOnNotification","eventTrigger":{"eventType":"providers/cloud.firestore/eventTypes/document.create","resource":"projects/barro-industries/databases/(default)/documents/notifications/{uid}/items/{itemId}","failurePolicy":{}},"entryPoint":"sendPushOnNotification","updateTime":"1970-01-01T00:00:00Z","labels":{"deployment-tool":"cli-firebase","firebase-functions-hash":"3b42c14deb70af65623da91c44e880089cd83032"},"sourceUploadUrl":"https://storage.googleapis.com/uploads-145234678984.us-central1.cloudfunctions.appspot.com/6b4913c9-5e28-4ccd-8414-3120b403a10a.zip?GoogleAccessId=service-700081895848@gcf-admin-robot.iam.gserviceaccount.com&Expires=1781567804&Signature=dGDMedsRcxIBfYKSp9joQuhBD8wVxtEEdHMrI3ww%2FW%2FEWLSRoLBjoXVPNAw5blD%2BoiXlut4WGx0iFyVgoBAqYJFPjLYgJJk7K0a9P%2BFScKj%2Fr%2Bo7IvgDUtbqWhcpIyLWcFJMR39T2fuIDhW0sQqmCozpu0lE0nPnzub6MbIjk7OsJiP%2FKJBS9XGvlWRgbAhbj8A%2Byh%2FBGlGqWO50yHTu0mHH%2FyY%2Btda%2BIMJFKgV1IkMF%2FuAFCrNuPs948NfaCwEGvqDfndfE3POi5x7eiptU3DSLWkrG0jgJpnueUs54MZFHbY1yU9Jhjegnp5Mo6ls91Lv6IKOAZXBlh0sVsipTPg%3D%3D","environmentVariables":{"FIREBASE_CONFIG":"{\"projectId\":\"barro-industries\",\"storageBucket\":\"barro-industries.firebasestorage.app\"}","GCLOUD_PROJECT":"barro-industries","EVENTARC_CLOUD_EVENT_SOURCE":"projects/barro-industries/locations/us-central1/functions/sendPushOnNotification"},"runtime":"nodejs22","buildEnvironmentVariables":{"GOOGLE_NODE_RUN_SCRIPTS":""},"dockerRegistry":"ARTIFACT_REGISTRY"},"versionId":"1","updateTime":"2026-06-15T23:26:48.425837039Z"}}
[debug] [2026-06-15T23:26:50.954Z] [create-default-us-central1-sendPushOnNotification] Retrying task index 0
[debug] [2026-06-15T23:26:50.954Z] Checked if tokens are valid: true, expires at: 1781569278737
[debug] [2026-06-15T23:26:50.955Z] Checked if tokens are valid: true, expires at: 1781569278737
[debug] [2026-06-15T23:26:50.955Z] >>> [apiv2][query] GET https://cloudfunctions.googleapis.com/v1/operations/cHJvamVjdHMvYmFycm8taW5kdXN0cmllcy9sb2NhdGlvbnMvdXMtY2VudHJhbDEvb3BlcmF0aW9ucy9vcGVyYXRpb24tMTc4MTU2NjAwODAwMi02NTQ1MzI5MGQwODcyLWZjZTkwM2U3LWUzYjdmODky [none]
[debug] [2026-06-15T23:26:51.431Z] <<< [apiv2][status] GET https://cloudfunctions.googleapis.com/v1/operations/cHJvamVjdHMvYmFycm8taW5kdXN0cmllcy9sb2NhdGlvbnMvdXMtY2VudHJhbDEvb3BlcmF0aW9ucy9vcGVyYXRpb24tMTc4MTU2NjAwODAwMi02NTQ1MzI5MGQwODcyLWZjZTkwM2U3LWUzYjdmODky 200
[debug] [2026-06-15T23:26:51.431Z] <<< [apiv2][body] GET https://cloudfunctions.googleapis.com/v1/operations/cHJvamVjdHMvYmFycm8taW5kdXN0cmllcy9sb2NhdGlvbnMvdXMtY2VudHJhbDEvb3BlcmF0aW9ucy9vcGVyYXRpb24tMTc4MTU2NjAwODAwMi02NTQ1MzI5MGQwODcyLWZjZTkwM2U3LWUzYjdmODky {"name":"operations/cHJvamVjdHMvYmFycm8taW5kdXN0cmllcy9sb2NhdGlvbnMvdXMtY2VudHJhbDEvb3BlcmF0aW9ucy9vcGVyYXRpb24tMTc4MTU2NjAwODAwMi02NTQ1MzI5MGQwODcyLWZjZTkwM2U3LWUzYjdmODky","metadata":{"@type":"type.googleapis.com/google.cloud.functions.v1.OperationMetadataV1","target":"projects/barro-industries/locations/us-central1/functions/sendPushOnNotification","type":"CREATE_FUNCTION","request":{"@type":"type.googleapis.com/google.cloud.functions.v1.CloudFunction","name":"projects/barro-industries/locations/us-central1/functions/sendPushOnNotification","eventTrigger":{"eventType":"providers/cloud.firestore/eventTypes/document.create","resource":"projects/barro-industries/databases/(default)/documents/notifications/{uid}/items/{itemId}","failurePolicy":{}},"entryPoint":"sendPushOnNotification","updateTime":"1970-01-01T00:00:00Z","labels":{"deployment-tool":"cli-firebase","firebase-functions-hash":"3b42c14deb70af65623da91c44e880089cd83032"},"sourceUploadUrl":"https://storage.googleapis.com/uploads-145234678984.us-central1.cloudfunctions.appspot.com/6b4913c9-5e28-4ccd-8414-3120b403a10a.zip?GoogleAccessId=service-700081895848@gcf-admin-robot.iam.gserviceaccount.com&Expires=1781567804&Signature=dGDMedsRcxIBfYKSp9joQuhBD8wVxtEEdHMrI3ww%2FW%2FEWLSRoLBjoXVPNAw5blD%2BoiXlut4WGx0iFyVgoBAqYJFPjLYgJJk7K0a9P%2BFScKj%2Fr%2Bo7IvgDUtbqWhcpIyLWcFJMR39T2fuIDhW0sQqmCozpu0lE0nPnzub6MbIjk7OsJiP%2FKJBS9XGvlWRgbAhbj8A%2Byh%2FBGlGqWO50yHTu0mHH%2FyY%2Btda%2BIMJFKgV1IkMF%2FuAFCrNuPs948NfaCwEGvqDfndfE3POi5x7eiptU3DSLWkrG0jgJpnueUs54MZFHbY1yU9Jhjegnp5Mo6ls91Lv6IKOAZXBlh0sVsipTPg%3D%3D","environmentVariables":{"FIREBASE_CONFIG":"{\"projectId\":\"barro-industries\",\"storageBucket\":\"barro-industries.firebasestorage.app\"}","GCLOUD_PROJECT":"barro-industries","EVENTARC_CLOUD_EVENT_SOURCE":"projects/barro-industries/locations/us-central1/functions/sendPushOnNotification"},"runtime":"nodejs22","buildEnvironmentVariables":{"GOOGLE_NODE_RUN_SCRIPTS":""},"dockerRegistry":"ARTIFACT_REGISTRY"},"versionId":"1","updateTime":"2026-06-15T23:26:48.425837039Z"}}
[debug] [2026-06-15T23:26:53.433Z] [create-default-us-central1-sendPushOnNotification] Retrying task index 0
[debug] [2026-06-15T23:26:53.434Z] Checked if tokens are valid: true, expires at: 1781569278737
[debug] [2026-06-15T23:26:53.434Z] Checked if tokens are valid: true, expires at: 1781569278737
[debug] [2026-06-15T23:26:53.434Z] >>> [apiv2][query] GET https://cloudfunctions.googleapis.com/v1/operations/cHJvamVjdHMvYmFycm8taW5kdXN0cmllcy9sb2NhdGlvbnMvdXMtY2VudHJhbDEvb3BlcmF0aW9ucy9vcGVyYXRpb24tMTc4MTU2NjAwODAwMi02NTQ1MzI5MGQwODcyLWZjZTkwM2U3LWUzYjdmODky [none]
[debug] [2026-06-15T23:26:53.912Z] <<< [apiv2][status] GET https://cloudfunctions.googleapis.com/v1/operations/cHJvamVjdHMvYmFycm8taW5kdXN0cmllcy9sb2NhdGlvbnMvdXMtY2VudHJhbDEvb3BlcmF0aW9ucy9vcGVyYXRpb24tMTc4MTU2NjAwODAwMi02NTQ1MzI5MGQwODcyLWZjZTkwM2U3LWUzYjdmODky 200
[debug] [2026-06-15T23:26:53.912Z] <<< [apiv2][body] GET https://cloudfunctions.googleapis.com/v1/operations/cHJvamVjdHMvYmFycm8taW5kdXN0cmllcy9sb2NhdGlvbnMvdXMtY2VudHJhbDEvb3BlcmF0aW9ucy9vcGVyYXRpb24tMTc4MTU2NjAwODAwMi02NTQ1MzI5MGQwODcyLWZjZTkwM2U3LWUzYjdmODky {"name":"operations/cHJvamVjdHMvYmFycm8taW5kdXN0cmllcy9sb2NhdGlvbnMvdXMtY2VudHJhbDEvb3BlcmF0aW9ucy9vcGVyYXRpb24tMTc4MTU2NjAwODAwMi02NTQ1MzI5MGQwODcyLWZjZTkwM2U3LWUzYjdmODky","metadata":{"@type":"type.googleapis.com/google.cloud.functions.v1.OperationMetadataV1","target":"projects/barro-industries/locations/us-central1/functions/sendPushOnNotification","type":"CREATE_FUNCTION","request":{"@type":"type.googleapis.com/google.cloud.functions.v1.CloudFunction","name":"projects/barro-industries/locations/us-central1/functions/sendPushOnNotification","eventTrigger":{"eventType":"providers/cloud.firestore/eventTypes/document.create","resource":"projects/barro-industries/databases/(default)/documents/notifications/{uid}/items/{itemId}","failurePolicy":{}},"entryPoint":"sendPushOnNotification","updateTime":"1970-01-01T00:00:00Z","labels":{"deployment-tool":"cli-firebase","firebase-functions-hash":"3b42c14deb70af65623da91c44e880089cd83032"},"sourceUploadUrl":"https://storage.googleapis.com/uploads-145234678984.us-central1.cloudfunctions.appspot.com/6b4913c9-5e28-4ccd-8414-3120b403a10a.zip?GoogleAccessId=service-700081895848@gcf-admin-robot.iam.gserviceaccount.com&Expires=1781567804&Signature=dGDMedsRcxIBfYKSp9joQuhBD8wVxtEEdHMrI3ww%2FW%2FEWLSRoLBjoXVPNAw5blD%2BoiXlut4WGx0iFyVgoBAqYJFPjLYgJJk7K0a9P%2BFScKj%2Fr%2Bo7IvgDUtbqWhcpIyLWcFJMR39T2fuIDhW0sQqmCozpu0lE0nPnzub6MbIjk7OsJiP%2FKJBS9XGvlWRgbAhbj8A%2Byh%2FBGlGqWO50yHTu0mHH%2FyY%2Btda%2BIMJFKgV1IkMF%2FuAFCrNuPs948NfaCwEGvqDfndfE3POi5x7eiptU3DSLWkrG0jgJpnueUs54MZFHbY1yU9Jhjegnp5Mo6ls91Lv6IKOAZXBlh0sVsipTPg%3D%3D","environmentVariables":{"FIREBASE_CONFIG":"{\"projectId\":\"barro-industries\",\"storageBucket\":\"barro-industries.firebasestorage.app\"}","GCLOUD_PROJECT":"barro-industries","EVENTARC_CLOUD_EVENT_SOURCE":"projects/barro-industries/locations/us-central1/functions/sendPushOnNotification"},"runtime":"nodejs22","buildEnvironmentVariables":{"GOOGLE_NODE_RUN_SCRIPTS":""},"dockerRegistry":"ARTIFACT_REGISTRY"},"versionId":"1","updateTime":"2026-06-15T23:26:48.425837039Z"}}
[debug] [2026-06-15T23:26:57.914Z] [create-default-us-central1-sendPushOnNotification] Retrying task index 0
[debug] [2026-06-15T23:26:57.914Z] Checked if tokens are valid: true, expires at: 1781569278737
[debug] [2026-06-15T23:26:57.914Z] Checked if tokens are valid: true, expires at: 1781569278737
[debug] [2026-06-15T23:26:57.914Z] >>> [apiv2][query] GET https://cloudfunctions.googleapis.com/v1/operations/cHJvamVjdHMvYmFycm8taW5kdXN0cmllcy9sb2NhdGlvbnMvdXMtY2VudHJhbDEvb3BlcmF0aW9ucy9vcGVyYXRpb24tMTc4MTU2NjAwODAwMi02NTQ1MzI5MGQwODcyLWZjZTkwM2U3LWUzYjdmODky [none]
[debug] [2026-06-15T23:26:58.366Z] <<< [apiv2][status] GET https://cloudfunctions.googleapis.com/v1/operations/cHJvamVjdHMvYmFycm8taW5kdXN0cmllcy9sb2NhdGlvbnMvdXMtY2VudHJhbDEvb3BlcmF0aW9ucy9vcGVyYXRpb24tMTc4MTU2NjAwODAwMi02NTQ1MzI5MGQwODcyLWZjZTkwM2U3LWUzYjdmODky 200
[debug] [2026-06-15T23:26:58.366Z] <<< [apiv2][body] GET https://cloudfunctions.googleapis.com/v1/operations/cHJvamVjdHMvYmFycm8taW5kdXN0cmllcy9sb2NhdGlvbnMvdXMtY2VudHJhbDEvb3BlcmF0aW9ucy9vcGVyYXRpb24tMTc4MTU2NjAwODAwMi02NTQ1MzI5MGQwODcyLWZjZTkwM2U3LWUzYjdmODky {"name":"operations/cHJvamVjdHMvYmFycm8taW5kdXN0cmllcy9sb2NhdGlvbnMvdXMtY2VudHJhbDEvb3BlcmF0aW9ucy9vcGVyYXRpb24tMTc4MTU2NjAwODAwMi02NTQ1MzI5MGQwODcyLWZjZTkwM2U3LWUzYjdmODky","metadata":{"@type":"type.googleapis.com/google.cloud.functions.v1.OperationMetadataV1","target":"projects/barro-industries/locations/us-central1/functions/sendPushOnNotification","type":"CREATE_FUNCTION","request":{"@type":"type.googleapis.com/google.cloud.functions.v1.CloudFunction","name":"projects/barro-industries/locations/us-central1/functions/sendPushOnNotification","eventTrigger":{"eventType":"providers/cloud.firestore/eventTypes/document.create","resource":"projects/barro-industries/databases/(default)/documents/notifications/{uid}/items/{itemId}","failurePolicy":{}},"entryPoint":"sendPushOnNotification","updateTime":"1970-01-01T00:00:00Z","labels":{"deployment-tool":"cli-firebase","firebase-functions-hash":"3b42c14deb70af65623da91c44e880089cd83032"},"sourceUploadUrl":"https://storage.googleapis.com/uploads-145234678984.us-central1.cloudfunctions.appspot.com/6b4913c9-5e28-4ccd-8414-3120b403a10a.zip?GoogleAccessId=service-700081895848@gcf-admin-robot.iam.gserviceaccount.com&Expires=1781567804&Signature=dGDMedsRcxIBfYKSp9joQuhBD8wVxtEEdHMrI3ww%2FW%2FEWLSRoLBjoXVPNAw5blD%2BoiXlut4WGx0iFyVgoBAqYJFPjLYgJJk7K0a9P%2BFScKj%2Fr%2Bo7IvgDUtbqWhcpIyLWcFJMR39T2fuIDhW0sQqmCozpu0lE0nPnzub6MbIjk7OsJiP%2FKJBS9XGvlWRgbAhbj8A%2Byh%2FBGlGqWO50yHTu0mHH%2FyY%2Btda%2BIMJFKgV1IkMF%2FuAFCrNuPs948NfaCwEGvqDfndfE3POi5x7eiptU3DSLWkrG0jgJpnueUs54MZFHbY1yU9Jhjegnp5Mo6ls91Lv6IKOAZXBlh0sVsipTPg%3D%3D","environmentVariables":{"FIREBASE_CONFIG":"{\"projectId\":\"barro-industries\",\"storageBucket\":\"barro-industries.firebasestorage.app\"}","GCLOUD_PROJECT":"barro-industries","EVENTARC_CLOUD_EVENT_SOURCE":"projects/barro-industries/locations/us-central1/functions/sendPushOnNotification"},"runtime":"nodejs22","buildEnvironmentVariables":{"GOOGLE_NODE_RUN_SCRIPTS":""},"dockerRegistry":"ARTIFACT_REGISTRY"},"versionId":"1","updateTime":"2026-06-15T23:26:48.425837039Z"}}
[debug] [2026-06-15T23:27:06.367Z] [create-default-us-central1-sendPushOnNotification] Retrying task index 0
[debug] [2026-06-15T23:27:06.368Z] Checked if tokens are valid: true, expires at: 1781569278737
[debug] [2026-06-15T23:27:06.368Z] Checked if tokens are valid: true, expires at: 1781569278737
[debug] [2026-06-15T23:27:06.368Z] >>> [apiv2][query] GET https://cloudfunctions.googleapis.com/v1/operations/cHJvamVjdHMvYmFycm8taW5kdXN0cmllcy9sb2NhdGlvbnMvdXMtY2VudHJhbDEvb3BlcmF0aW9ucy9vcGVyYXRpb24tMTc4MTU2NjAwODAwMi02NTQ1MzI5MGQwODcyLWZjZTkwM2U3LWUzYjdmODky [none]
[debug] [2026-06-15T23:27:06.842Z] <<< [apiv2][status] GET https://cloudfunctions.googleapis.com/v1/operations/cHJvamVjdHMvYmFycm8taW5kdXN0cmllcy9sb2NhdGlvbnMvdXMtY2VudHJhbDEvb3BlcmF0aW9ucy9vcGVyYXRpb24tMTc4MTU2NjAwODAwMi02NTQ1MzI5MGQwODcyLWZjZTkwM2U3LWUzYjdmODky 200
[debug] [2026-06-15T23:27:06.842Z] <<< [apiv2][body] GET https://cloudfunctions.googleapis.com/v1/operations/cHJvamVjdHMvYmFycm8taW5kdXN0cmllcy9sb2NhdGlvbnMvdXMtY2VudHJhbDEvb3BlcmF0aW9ucy9vcGVyYXRpb24tMTc4MTU2NjAwODAwMi02NTQ1MzI5MGQwODcyLWZjZTkwM2U3LWUzYjdmODky {"name":"operations/cHJvamVjdHMvYmFycm8taW5kdXN0cmllcy9sb2NhdGlvbnMvdXMtY2VudHJhbDEvb3BlcmF0aW9ucy9vcGVyYXRpb24tMTc4MTU2NjAwODAwMi02NTQ1MzI5MGQwODcyLWZjZTkwM2U3LWUzYjdmODky","metadata":{"@type":"type.googleapis.com/google.cloud.functions.v1.OperationMetadataV1","target":"projects/barro-industries/locations/us-central1/functions/sendPushOnNotification","type":"CREATE_FUNCTION","request":{"@type":"type.googleapis.com/google.cloud.functions.v1.CloudFunction","name":"projects/barro-industries/locations/us-central1/functions/sendPushOnNotification","eventTrigger":{"eventType":"providers/cloud.firestore/eventTypes/document.create","resource":"projects/barro-industries/databases/(default)/documents/notifications/{uid}/items/{itemId}","failurePolicy":{}},"entryPoint":"sendPushOnNotification","updateTime":"1970-01-01T00:00:00Z","labels":{"deployment-tool":"cli-firebase","firebase-functions-hash":"3b42c14deb70af65623da91c44e880089cd83032"},"sourceUploadUrl":"https://storage.googleapis.com/uploads-145234678984.us-central1.cloudfunctions.appspot.com/6b4913c9-5e28-4ccd-8414-3120b403a10a.zip?GoogleAccessId=service-700081895848@gcf-admin-robot.iam.gserviceaccount.com&Expires=1781567804&Signature=dGDMedsRcxIBfYKSp9joQuhBD8wVxtEEdHMrI3ww%2FW%2FEWLSRoLBjoXVPNAw5blD%2BoiXlut4WGx0iFyVgoBAqYJFPjLYgJJk7K0a9P%2BFScKj%2Fr%2Bo7IvgDUtbqWhcpIyLWcFJMR39T2fuIDhW0sQqmCozpu0lE0nPnzub6MbIjk7OsJiP%2FKJBS9XGvlWRgbAhbj8A%2Byh%2FBGlGqWO50yHTu0mHH%2FyY%2Btda%2BIMJFKgV1IkMF%2FuAFCrNuPs948NfaCwEGvqDfndfE3POi5x7eiptU3DSLWkrG0jgJpnueUs54MZFHbY1yU9Jhjegnp5Mo6ls91Lv6IKOAZXBlh0sVsipTPg%3D%3D","environmentVariables":{"FIREBASE_CONFIG":"{\"projectId\":\"barro-industries\",\"storageBucket\":\"barro-industries.firebasestorage.app\"}","GCLOUD_PROJECT":"barro-industries","EVENTARC_CLOUD_EVENT_SOURCE":"projects/barro-industries/locations/us-central1/functions/sendPushOnNotification"},"runtime":"nodejs22","buildEnvironmentVariables":{"GOOGLE_NODE_RUN_SCRIPTS":""},"dockerRegistry":"ARTIFACT_REGISTRY"},"versionId":"1","updateTime":"2026-06-15T23:26:48.425837039Z","buildId":"7e8e083f-72bd-46ac-bd38-09aeb29fe531","buildName":"projects/700081895848/locations/us-central1/builds/7e8e083f-72bd-46ac-bd38-09aeb29fe531"}}
[debug] [2026-06-15T23:27:16.844Z] [create-default-us-central1-sendPushOnNotification] Retrying task index 0
[debug] [2026-06-15T23:27:16.844Z] Checked if tokens are valid: true, expires at: 1781569278737
[debug] [2026-06-15T23:27:16.844Z] Checked if tokens are valid: true, expires at: 1781569278737
[debug] [2026-06-15T23:27:16.844Z] >>> [apiv2][query] GET https://cloudfunctions.googleapis.com/v1/operations/cHJvamVjdHMvYmFycm8taW5kdXN0cmllcy9sb2NhdGlvbnMvdXMtY2VudHJhbDEvb3BlcmF0aW9ucy9vcGVyYXRpb24tMTc4MTU2NjAwODAwMi02NTQ1MzI5MGQwODcyLWZjZTkwM2U3LWUzYjdmODky [none]
[debug] [2026-06-15T23:27:17.327Z] <<< [apiv2][status] GET https://cloudfunctions.googleapis.com/v1/operations/cHJvamVjdHMvYmFycm8taW5kdXN0cmllcy9sb2NhdGlvbnMvdXMtY2VudHJhbDEvb3BlcmF0aW9ucy9vcGVyYXRpb24tMTc4MTU2NjAwODAwMi02NTQ1MzI5MGQwODcyLWZjZTkwM2U3LWUzYjdmODky 200
[debug] [2026-06-15T23:27:17.327Z] <<< [apiv2][body] GET https://cloudfunctions.googleapis.com/v1/operations/cHJvamVjdHMvYmFycm8taW5kdXN0cmllcy9sb2NhdGlvbnMvdXMtY2VudHJhbDEvb3BlcmF0aW9ucy9vcGVyYXRpb24tMTc4MTU2NjAwODAwMi02NTQ1MzI5MGQwODcyLWZjZTkwM2U3LWUzYjdmODky {"name":"operations/cHJvamVjdHMvYmFycm8taW5kdXN0cmllcy9sb2NhdGlvbnMvdXMtY2VudHJhbDEvb3BlcmF0aW9ucy9vcGVyYXRpb24tMTc4MTU2NjAwODAwMi02NTQ1MzI5MGQwODcyLWZjZTkwM2U3LWUzYjdmODky","metadata":{"@type":"type.googleapis.com/google.cloud.functions.v1.OperationMetadataV1","target":"projects/barro-industries/locations/us-central1/functions/sendPushOnNotification","type":"CREATE_FUNCTION","request":{"@type":"type.googleapis.com/google.cloud.functions.v1.CloudFunction","name":"projects/barro-industries/locations/us-central1/functions/sendPushOnNotification","eventTrigger":{"eventType":"providers/cloud.firestore/eventTypes/document.create","resource":"projects/barro-industries/databases/(default)/documents/notifications/{uid}/items/{itemId}","failurePolicy":{}},"entryPoint":"sendPushOnNotification","updateTime":"1970-01-01T00:00:00Z","labels":{"deployment-tool":"cli-firebase","firebase-functions-hash":"3b42c14deb70af65623da91c44e880089cd83032"},"sourceUploadUrl":"https://storage.googleapis.com/uploads-145234678984.us-central1.cloudfunctions.appspot.com/6b4913c9-5e28-4ccd-8414-3120b403a10a.zip?GoogleAccessId=service-700081895848@gcf-admin-robot.iam.gserviceaccount.com&Expires=1781567804&Signature=dGDMedsRcxIBfYKSp9joQuhBD8wVxtEEdHMrI3ww%2FW%2FEWLSRoLBjoXVPNAw5blD%2BoiXlut4WGx0iFyVgoBAqYJFPjLYgJJk7K0a9P%2BFScKj%2Fr%2Bo7IvgDUtbqWhcpIyLWcFJMR39T2fuIDhW0sQqmCozpu0lE0nPnzub6MbIjk7OsJiP%2FKJBS9XGvlWRgbAhbj8A%2Byh%2FBGlGqWO50yHTu0mHH%2FyY%2Btda%2BIMJFKgV1IkMF%2FuAFCrNuPs948NfaCwEGvqDfndfE3POi5x7eiptU3DSLWkrG0jgJpnueUs54MZFHbY1yU9Jhjegnp5Mo6ls91Lv6IKOAZXBlh0sVsipTPg%3D%3D","environmentVariables":{"FIREBASE_CONFIG":"{\"projectId\":\"barro-industries\",\"storageBucket\":\"barro-industries.firebasestorage.app\"}","GCLOUD_PROJECT":"barro-industries","EVENTARC_CLOUD_EVENT_SOURCE":"projects/barro-industries/locations/us-central1/functions/sendPushOnNotification"},"runtime":"nodejs22","buildEnvironmentVariables":{"GOOGLE_NODE_RUN_SCRIPTS":""},"dockerRegistry":"ARTIFACT_REGISTRY"},"versionId":"1","updateTime":"2026-06-15T23:26:48.425837039Z","buildId":"7e8e083f-72bd-46ac-bd38-09aeb29fe531","buildName":"projects/700081895848/locations/us-central1/builds/7e8e083f-72bd-46ac-bd38-09aeb29fe531"}}
[debug] [2026-06-15T23:27:27.328Z] [create-default-us-central1-sendPushOnNotification] Retrying task index 0
[debug] [2026-06-15T23:27:27.328Z] Checked if tokens are valid: true, expires at: 1781569278737
[debug] [2026-06-15T23:27:27.328Z] Checked if tokens are valid: true, expires at: 1781569278737
[debug] [2026-06-15T23:27:27.328Z] >>> [apiv2][query] GET https://cloudfunctions.googleapis.com/v1/operations/cHJvamVjdHMvYmFycm8taW5kdXN0cmllcy9sb2NhdGlvbnMvdXMtY2VudHJhbDEvb3BlcmF0aW9ucy9vcGVyYXRpb24tMTc4MTU2NjAwODAwMi02NTQ1MzI5MGQwODcyLWZjZTkwM2U3LWUzYjdmODky [none]
[debug] [2026-06-15T23:27:27.837Z] <<< [apiv2][status] GET https://cloudfunctions.googleapis.com/v1/operations/cHJvamVjdHMvYmFycm8taW5kdXN0cmllcy9sb2NhdGlvbnMvdXMtY2VudHJhbDEvb3BlcmF0aW9ucy9vcGVyYXRpb24tMTc4MTU2NjAwODAwMi02NTQ1MzI5MGQwODcyLWZjZTkwM2U3LWUzYjdmODky 200
[debug] [2026-06-15T23:27:27.837Z] <<< [apiv2][body] GET https://cloudfunctions.googleapis.com/v1/operations/cHJvamVjdHMvYmFycm8taW5kdXN0cmllcy9sb2NhdGlvbnMvdXMtY2VudHJhbDEvb3BlcmF0aW9ucy9vcGVyYXRpb24tMTc4MTU2NjAwODAwMi02NTQ1MzI5MGQwODcyLWZjZTkwM2U3LWUzYjdmODky {"name":"operations/cHJvamVjdHMvYmFycm8taW5kdXN0cmllcy9sb2NhdGlvbnMvdXMtY2VudHJhbDEvb3BlcmF0aW9ucy9vcGVyYXRpb24tMTc4MTU2NjAwODAwMi02NTQ1MzI5MGQwODcyLWZjZTkwM2U3LWUzYjdmODky","metadata":{"@type":"type.googleapis.com/google.cloud.functions.v1.OperationMetadataV1","target":"projects/barro-industries/locations/us-central1/functions/sendPushOnNotification","type":"CREATE_FUNCTION","request":{"@type":"type.googleapis.com/google.cloud.functions.v1.CloudFunction","name":"projects/barro-industries/locations/us-central1/functions/sendPushOnNotification","eventTrigger":{"eventType":"providers/cloud.firestore/eventTypes/document.create","resource":"projects/barro-industries/databases/(default)/documents/notifications/{uid}/items/{itemId}","failurePolicy":{}},"entryPoint":"sendPushOnNotification","updateTime":"1970-01-01T00:00:00Z","labels":{"deployment-tool":"cli-firebase","firebase-functions-hash":"3b42c14deb70af65623da91c44e880089cd83032"},"sourceUploadUrl":"https://storage.googleapis.com/uploads-145234678984.us-central1.cloudfunctions.appspot.com/6b4913c9-5e28-4ccd-8414-3120b403a10a.zip?GoogleAccessId=service-700081895848@gcf-admin-robot.iam.gserviceaccount.com&Expires=1781567804&Signature=dGDMedsRcxIBfYKSp9joQuhBD8wVxtEEdHMrI3ww%2FW%2FEWLSRoLBjoXVPNAw5blD%2BoiXlut4WGx0iFyVgoBAqYJFPjLYgJJk7K0a9P%2BFScKj%2Fr%2Bo7IvgDUtbqWhcpIyLWcFJMR39T2fuIDhW0sQqmCozpu0lE0nPnzub6MbIjk7OsJiP%2FKJBS9XGvlWRgbAhbj8A%2Byh%2FBGlGqWO50yHTu0mHH%2FyY%2Btda%2BIMJFKgV1IkMF%2FuAFCrNuPs948NfaCwEGvqDfndfE3POi5x7eiptU3DSLWkrG0jgJpnueUs54MZFHbY1yU9Jhjegnp5Mo6ls91Lv6IKOAZXBlh0sVsipTPg%3D%3D","environmentVariables":{"FIREBASE_CONFIG":"{\"projectId\":\"barro-industries\",\"storageBucket\":\"barro-industries.firebasestorage.app\"}","GCLOUD_PROJECT":"barro-industries","EVENTARC_CLOUD_EVENT_SOURCE":"projects/barro-industries/locations/us-central1/functions/sendPushOnNotification"},"runtime":"nodejs22","buildEnvironmentVariables":{"GOOGLE_NODE_RUN_SCRIPTS":""},"dockerRegistry":"ARTIFACT_REGISTRY"},"versionId":"1","updateTime":"2026-06-15T23:26:48.425837039Z","buildId":"7e8e083f-72bd-46ac-bd38-09aeb29fe531","buildName":"projects/700081895848/locations/us-central1/builds/7e8e083f-72bd-46ac-bd38-09aeb29fe531"}}
